Start testing: Apr 26 03:45 PDT
----------------------------------------------------------
1/1 Testing: test_thermal
1/1 Test: test_thermal
Command: "/home/bunta/sgl/sgl_thermal_module/build/test_thermal"
Directory: /home/bunta/sgl/sgl_thermal_module/build
"test_thermal" start time: Apr 26 03:45 PDT
Output:
----------------------------------------------------------
<end of output>
Test time =   0.00 sec
----------------------------------------------------------
Test Passed.
"test_thermal" end time: Apr 26 03:45 PDT
"test_thermal" time elapsed: 00:00:00
----------------------------------------------------------

End testing: Apr 26 03:45 PDT
