Start testing: Apr 26 03:45 PDT
----------------------------------------------------------
1/1 Testing: test_eps
1/1 Test: test_eps
Command: "/home/bunta/sgl/sgl_eps_module/build/test_eps"
Directory: /home/bunta/sgl/sgl_eps_module/build
"test_eps" start time: Apr 26 03:45 PDT
Output:
----------------------------------------------------------
<end of output>
Test time =   0.00 sec
----------------------------------------------------------
Test Passed.
"test_eps" end time: Apr 26 03:45 PDT
"test_eps" time elapsed: 00:00:00
----------------------------------------------------------

End testing: Apr 26 03:45 PDT
