Start testing: Apr 26 23:52 PDT
----------------------------------------------------------
1/21 Testing: test_adcs_power
1/21 Test: test_adcs_power
Command: "/home/bunta/sgl/sgl_obc_pi_jetson_full/build_wsl/test_adcs_power"
Directory: /home/bunta/sgl/sgl_obc_pi_jetson_full/build_wsl
"test_adcs_power" start time: Apr 26 23:52 PDT
Output:
----------------------------------------------------------
<end of output>
Test time =   0.00 sec
----------------------------------------------------------
Test Passed.
"test_adcs_power" end time: Apr 26 23:52 PDT
"test_adcs_power" time elapsed: 00:00:00
----------------------------------------------------------

2/21 Testing: test_power_scheduler
2/21 Test: test_power_scheduler
Command: "/home/bunta/sgl/sgl_obc_pi_jetson_full/build_wsl/test_power_scheduler"
Directory: /home/bunta/sgl/sgl_obc_pi_jetson_full/build_wsl
"test_power_scheduler" start time: Apr 26 23:52 PDT
Output:
----------------------------------------------------------
<end of output>
Test time =   0.00 sec
----------------------------------------------------------
Test Passed.
"test_power_scheduler" end time: Apr 26 23:52 PDT
"test_power_scheduler" time elapsed: 00:00:00
----------------------------------------------------------

3/21 Testing: test_local_processing
3/21 Test: test_local_processing
Command: "/home/bunta/sgl/sgl_obc_pi_jetson_full/build_wsl/test_local_processing"
Directory: /home/bunta/sgl/sgl_obc_pi_jetson_full/build_wsl
"test_local_processing" start time: Apr 26 23:52 PDT
Output:
----------------------------------------------------------
<end of output>
Test time =   0.45 sec
----------------------------------------------------------
Test Passed.
"test_local_processing" end time: Apr 26 23:52 PDT
"test_local_processing" time elapsed: 00:00:00
----------------------------------------------------------

4/21 Testing: test_roi_usefulness
4/21 Test: test_roi_usefulness
Command: "/home/bunta/sgl/sgl_obc_pi_jetson_full/build_wsl/test_roi_usefulness"
Directory: /home/bunta/sgl/sgl_obc_pi_jetson_full/build_wsl
"test_roi_usefulness" start time: Apr 26 23:52 PDT
Output:
----------------------------------------------------------
<end of output>
Test time =   0.02 sec
----------------------------------------------------------
Test Passed.
"test_roi_usefulness" end time: Apr 26 23:52 PDT
"test_roi_usefulness" time elapsed: 00:00:00
----------------------------------------------------------

5/21 Testing: test_ring_observation
5/21 Test: test_ring_observation
Command: "/home/bunta/sgl/sgl_obc_pi_jetson_full/build_wsl/test_ring_observation"
Directory: /home/bunta/sgl/sgl_obc_pi_jetson_full/build_wsl
"test_ring_observation" start time: Apr 26 23:52 PDT
Output:
----------------------------------------------------------
<end of output>
Test time =   0.10 sec
----------------------------------------------------------
Test Passed.
"test_ring_observation" end time: Apr 26 23:52 PDT
"test_ring_observation" time elapsed: 00:00:00
----------------------------------------------------------

6/21 Testing: test_local_pi_run
6/21 Test: test_local_pi_run
Command: "/usr/bin/bash" "/home/bunta/sgl/sgl_obc_pi_jetson_full/tests/test_local_pi_run.sh" "/home/bunta/sgl/sgl_obc_pi_jetson_full/build_wsl/sgl_pi_flight" "/home/bunta/sgl/sgl_obc_pi_jetson_full"
Directory: /home/bunta/sgl/sgl_obc_pi_jetson_full/build_wsl
"test_local_pi_run" start time: Apr 26 23:52 PDT
Output:
----------------------------------------------------------
<end of output>
Test time =   0.78 sec
----------------------------------------------------------
Test Passed.
"test_local_pi_run" end time: Apr 26 23:52 PDT
"test_local_pi_run" time elapsed: 00:00:00
----------------------------------------------------------

7/21 Testing: test_scheduler_low_budget
7/21 Test: test_scheduler_low_budget
Command: "/usr/bin/bash" "/home/bunta/sgl/sgl_obc_pi_jetson_full/tests/test_scheduler_low_budget.sh" "/home/bunta/sgl/sgl_obc_pi_jetson_full/build_wsl/sgl_pi_flight" "/home/bunta/sgl/sgl_obc_pi_jetson_full"
Directory: /home/bunta/sgl/sgl_obc_pi_jetson_full/build_wsl
"test_scheduler_low_budget" start time: Apr 26 23:52 PDT
Output:
----------------------------------------------------------
<end of output>
Test time =   0.67 sec
----------------------------------------------------------
Test Passed.
"test_scheduler_low_budget" end time: Apr 26 23:52 PDT
"test_scheduler_low_budget" time elapsed: 00:00:00
----------------------------------------------------------

8/21 Testing: test_scheduler_propulsion_event
8/21 Test: test_scheduler_propulsion_event
Command: "/usr/bin/bash" "/home/bunta/sgl/sgl_obc_pi_jetson_full/tests/test_scheduler_propulsion_event.sh" "/home/bunta/sgl/sgl_obc_pi_jetson_full/build_wsl/sgl_pi_flight" "/home/bunta/sgl/sgl_obc_pi_jetson_full"
Directory: /home/bunta/sgl/sgl_obc_pi_jetson_full/build_wsl
"test_scheduler_propulsion_event" start time: Apr 26 23:52 PDT
Output:
----------------------------------------------------------
<end of output>
Test time =   0.74 sec
----------------------------------------------------------
Test Passed.
"test_scheduler_propulsion_event" end time: Apr 26 23:52 PDT
"test_scheduler_propulsion_event" time elapsed: 00:00:00
----------------------------------------------------------

9/21 Testing: test_payload_acquisition
9/21 Test: test_payload_acquisition
Command: "/usr/bin/bash" "/home/bunta/sgl/sgl_obc_pi_jetson_full/tests/test_payload_acquisition.sh" "/home/bunta/sgl/sgl_obc_pi_jetson_full/build_wsl/sgl_pi_flight" "/home/bunta/sgl/sgl_obc_pi_jetson_full"
Directory: /home/bunta/sgl/sgl_obc_pi_jetson_full/build_wsl
"test_payload_acquisition" start time: Apr 26 23:52 PDT
Output:
----------------------------------------------------------
<end of output>
Test time =   1.30 sec
----------------------------------------------------------
Test Passed.
"test_payload_acquisition" end time: Apr 26 23:53 PDT
"test_payload_acquisition" time elapsed: 00:00:01
----------------------------------------------------------

10/21 Testing: test_events_log
10/21 Test: test_events_log
Command: "/usr/bin/bash" "/home/bunta/sgl/sgl_obc_pi_jetson_full/tests/test_events_log.sh" "/home/bunta/sgl/sgl_obc_pi_jetson_full/build_wsl/sgl_pi_flight" "/home/bunta/sgl/sgl_obc_pi_jetson_full"
Directory: /home/bunta/sgl/sgl_obc_pi_jetson_full/build_wsl
"test_events_log" start time: Apr 26 23:53 PDT
Output:
----------------------------------------------------------
<end of output>
Test time =   1.38 sec
----------------------------------------------------------
Test Passed.
"test_events_log" end time: Apr 26 23:53 PDT
"test_events_log" time elapsed: 00:00:01
----------------------------------------------------------

11/21 Testing: test_payload_image_modes
11/21 Test: test_payload_image_modes
Command: "/usr/bin/bash" "/home/bunta/sgl/sgl_obc_pi_jetson_full/tests/test_payload_image_modes.sh" "/home/bunta/sgl/sgl_obc_pi_jetson_full/build_wsl/sgl_pi_flight" "/home/bunta/sgl/sgl_obc_pi_jetson_full"
Directory: /home/bunta/sgl/sgl_obc_pi_jetson_full/build_wsl
"test_payload_image_modes" start time: Apr 26 23:53 PDT
Output:
----------------------------------------------------------
<end of output>
Test time =   6.72 sec
----------------------------------------------------------
Test Passed.
"test_payload_image_modes" end time: Apr 26 23:53 PDT
"test_payload_image_modes" time elapsed: 00:00:06
----------------------------------------------------------

12/21 Testing: test_progressive_outputs
12/21 Test: test_progressive_outputs
Command: "/usr/bin/bash" "/home/bunta/sgl/sgl_obc_pi_jetson_full/tests/test_progressive_outputs.sh" "/home/bunta/sgl/sgl_obc_pi_jetson_full/build_wsl/sgl_pi_flight" "/home/bunta/sgl/sgl_obc_pi_jetson_full"
Directory: /home/bunta/sgl/sgl_obc_pi_jetson_full/build_wsl
"test_progressive_outputs" start time: Apr 26 23:53 PDT
Output:
----------------------------------------------------------
<end of output>
Test time =  12.77 sec
----------------------------------------------------------
Test Passed.
"test_progressive_outputs" end time: Apr 26 23:53 PDT
"test_progressive_outputs" time elapsed: 00:00:12
----------------------------------------------------------

13/21 Testing: test_alignment_fallback
13/21 Test: test_alignment_fallback
Command: "/usr/bin/bash" "/home/bunta/sgl/sgl_obc_pi_jetson_full/tests/test_alignment_fallback.sh" "/home/bunta/sgl/sgl_obc_pi_jetson_full/build_wsl/sgl_pi_flight"
Directory: /home/bunta/sgl/sgl_obc_pi_jetson_full/build_wsl
"test_alignment_fallback" start time: Apr 26 23:53 PDT
Output:
----------------------------------------------------------
ok
<end of output>
Test time =   2.48 sec
----------------------------------------------------------
Test Passed.
"test_alignment_fallback" end time: Apr 26 23:53 PDT
"test_alignment_fallback" time elapsed: 00:00:02
----------------------------------------------------------

14/21 Testing: test_manifest_consistency
14/21 Test: test_manifest_consistency
Command: "/usr/bin/bash" "/home/bunta/sgl/sgl_obc_pi_jetson_full/tests/test_manifest_consistency.sh" "/home/bunta/sgl/sgl_obc_pi_jetson_full/build_wsl/sgl_pi_flight" "/home/bunta/sgl/sgl_obc_pi_jetson_full"
Directory: /home/bunta/sgl/sgl_obc_pi_jetson_full/build_wsl
"test_manifest_consistency" start time: Apr 26 23:53 PDT
Output:
----------------------------------------------------------
manifest/telemetry path consistency checks passed
<end of output>
Test time =   3.58 sec
----------------------------------------------------------
Test Passed.
"test_manifest_consistency" end time: Apr 26 23:53 PDT
"test_manifest_consistency" time elapsed: 00:00:03
----------------------------------------------------------

15/21 Testing: test_tcp_mode
15/21 Test: test_tcp_mode
Command: "/usr/bin/bash" "/home/bunta/sgl/sgl_obc_pi_jetson_full/tests/test_tcp_mode.sh" "/home/bunta/sgl/sgl_obc_pi_jetson_full/build_wsl/sgl_pi_flight" "/home/bunta/sgl/sgl_obc_pi_jetson_full/build_wsl/sgl_jetson_service" "/home/bunta/sgl/sgl_obc_pi_jetson_full"
Directory: /home/bunta/sgl/sgl_obc_pi_jetson_full/build_wsl
"test_tcp_mode" start time: Apr 26 23:53 PDT
Output:
----------------------------------------------------------
SKIP: socket bind unavailable in this environment
<end of output>
Test time =   0.51 sec
----------------------------------------------------------
Test Passed.
"test_tcp_mode" end time: Apr 26 23:53 PDT
"test_tcp_mode" time elapsed: 00:00:00
----------------------------------------------------------

16/21 Testing: test_adcs_system
16/21 Test: test_adcs_system
Command: "/home/bunta/sgl/sgl_obc_pi_jetson_full/build_wsl/sgl_star_tracker_module_build/test_adcs_system"
Directory: /home/bunta/sgl/sgl_obc_pi_jetson_full/build_wsl/sgl_star_tracker_module_build
"test_adcs_system" start time: Apr 26 23:53 PDT
Output:
----------------------------------------------------------
<end of output>
Test time =   0.00 sec
----------------------------------------------------------
Test Passed.
"test_adcs_system" end time: Apr 26 23:53 PDT
"test_adcs_system" time elapsed: 00:00:00
----------------------------------------------------------

17/21 Testing: test_comms
17/21 Test: test_comms
Command: "/home/bunta/sgl/sgl_obc_pi_jetson_full/build_wsl/sgl_comms_module_build/test_comms"
Directory: /home/bunta/sgl/sgl_obc_pi_jetson_full/build_wsl/sgl_comms_module_build
"test_comms" start time: Apr 26 23:53 PDT
Output:
----------------------------------------------------------
<end of output>
Test time =   0.00 sec
----------------------------------------------------------
Test Passed.
"test_comms" end time: Apr 26 23:53 PDT
"test_comms" time elapsed: 00:00:00
----------------------------------------------------------

18/21 Testing: test_eps
18/21 Test: test_eps
Command: "/home/bunta/sgl/sgl_obc_pi_jetson_full/build_wsl/sgl_eps_module_build/test_eps"
Directory: /home/bunta/sgl/sgl_obc_pi_jetson_full/build_wsl/sgl_eps_module_build
"test_eps" start time: Apr 26 23:53 PDT
Output:
----------------------------------------------------------
<end of output>
Test time =   0.00 sec
----------------------------------------------------------
Test Passed.
"test_eps" end time: Apr 26 23:53 PDT
"test_eps" time elapsed: 00:00:00
----------------------------------------------------------

19/21 Testing: test_thermal
19/21 Test: test_thermal
Command: "/home/bunta/sgl/sgl_obc_pi_jetson_full/build_wsl/sgl_thermal_module_build/test_thermal"
Directory: /home/bunta/sgl/sgl_obc_pi_jetson_full/build_wsl/sgl_thermal_module_build
"test_thermal" start time: Apr 26 23:53 PDT
Output:
----------------------------------------------------------
<end of output>
Test time =   0.00 sec
----------------------------------------------------------
Test Passed.
"test_thermal" end time: Apr 26 23:53 PDT
"test_thermal" time elapsed: 00:00:00
----------------------------------------------------------

20/21 Testing: test_propulsion
20/21 Test: test_propulsion
Command: "/home/bunta/sgl/sgl_obc_pi_jetson_full/build_wsl/sgl_propulsion_module_build/test_propulsion"
Directory: /home/bunta/sgl/sgl_obc_pi_jetson_full/build_wsl/sgl_propulsion_module_build
"test_propulsion" start time: Apr 26 23:53 PDT
Output:
----------------------------------------------------------
<end of output>
Test time =   0.00 sec
----------------------------------------------------------
Test Passed.
"test_propulsion" end time: Apr 26 23:53 PDT
"test_propulsion" time elapsed: 00:00:00
----------------------------------------------------------

21/21 Testing: test_payload
21/21 Test: test_payload
Command: "/home/bunta/sgl/sgl_obc_pi_jetson_full/build_wsl/sgl_payload_module_build/test_payload"
Directory: /home/bunta/sgl/sgl_obc_pi_jetson_full/build_wsl/sgl_payload_module_build
"test_payload" start time: Apr 26 23:53 PDT
Output:
----------------------------------------------------------
<end of output>
Test time =   0.00 sec
----------------------------------------------------------
Test Passed.
"test_payload" end time: Apr 26 23:53 PDT
"test_payload" time elapsed: 00:00:00
----------------------------------------------------------

End testing: Apr 26 23:53 PDT
