Start testing: Apr 26 03:45 PDT
----------------------------------------------------------
1/1 Testing: test_payload
1/1 Test: test_payload
Command: "/home/bunta/sgl/sgl_payload_module/build/test_payload"
Directory: /home/bunta/sgl/sgl_payload_module/build
"test_payload" start time: Apr 26 03:45 PDT
Output:
----------------------------------------------------------
<end of output>
Test time =   0.00 sec
----------------------------------------------------------
Test Passed.
"test_payload" end time: Apr 26 03:45 PDT
"test_payload" time elapsed: 00:00:00
----------------------------------------------------------

End testing: Apr 26 03:45 PDT
