Start testing: Apr 26 03:45 PDT
----------------------------------------------------------
1/1 Testing: test_comms
1/1 Test: test_comms
Command: "/home/bunta/sgl/sgl_comms_module/build/test_comms"
Directory: /home/bunta/sgl/sgl_comms_module/build
"test_comms" start time: Apr 26 03:45 PDT
Output:
----------------------------------------------------------
<end of output>
Test time =   0.00 sec
----------------------------------------------------------
Test Passed.
"test_comms" end time: Apr 26 03:45 PDT
"test_comms" time elapsed: 00:00:00
----------------------------------------------------------

End testing: Apr 26 03:45 PDT
